<?xml version="1.0" encoding="UTF-8"?>
<testng-results ignored="0" total="1" passed="1" failed="0" skipped="0">
  <reporter-output>
  </reporter-output>
  <suite started-at="2022-06-12T14:00:23 IST" name="Default Suite" finished-at="2022-06-12T14:00:23 IST" duration-ms="47">
    <groups>
    </groups>
    <test started-at="2022-06-12T14:00:23 IST" name="Testng_MavenProject" finished-at="2022-06-12T14:00:23 IST" duration-ms="47">
      <class name="pkg1.SampleMaven">
        <test-method signature="hii()[pri:0, instance:pkg1.SampleMaven@411f53a0]" started-at="2022-06-12T14:00:23 IST" name="hii" finished-at="2022-06-12T14:00:23 IST" duration-ms="5" status="PASS">
          <reporter-output>
          </reporter-output>
        </test-method> <!-- hii -->
      </class> <!-- pkg1.SampleMaven -->
    </test> <!-- Testng_MavenProject -->
  </suite> <!-- Default Suite -->
</testng-results>
